<html xmlns:math="http://exslt.org/math" xmlns:testng="http://testng.org">
   <head>
      <title>TestNG Results</title>
      <meta http-equiv="content-type" content="text/html; charset=utf-8"></meta>
      <meta http-equiv="pragma" content="no-cache"></meta>
      <meta http-equiv="cache-control" content="max-age=0"></meta>
      <meta http-equiv="cache-control" content="no-cache"></meta>
      <meta http-equiv="cache-control" content="no-store"></meta>
      <LINK rel="stylesheet" href="style.css"></LINK>
      <script type="text/javascript" src="main.js"></script>
   </head>
   <body>
      <table width="100%" style="font-size: 16px; margin-bottom: 10px;" cellspacing="1">
         <tr>
            <td width="100%">
               All methods in suite
               
               <b>Spafinder Final Test</b>
            </td>
            <td style="background-color: #FFBBBB; padding: 3px 3px 3px 0;" align="center">
               <div style="width: 50px;">1</div>
            </td>
            <td style="background-color: lightgreen; padding: 3px 3px 3px 0;" align="center">
               <div style="width: 50px;">4</div>
            </td>
            <td style="background-color: #FFFFBB; padding: 3px 3px 3px 0;" align="center">
               <div style="width: 50px;">0</div>
            </td>
            <td align="center" style="background-color: #eaf0f7; padding: 3px 3px 3px 0;">
               <div style="width: 50px;">5</div>
            </td>
            <td align="center"
                style="font-weight: bold; background-color: #eaf0f7; padding: 3px 3px 3px 0;">
               <div style="width: 50px;">80%</div>
            </td>
            <td style="background-color: #eaf0f7; padding: 3px 3px 3px 0;" align="center"
                nowrap="true">9m
               44s
               
            </td>
         </tr>
      </table>
      <div style="width: 200px;">
         <label for="groupMethodsCheckBox" style="font-weight: bold; margin: 0;">
            <input id="groupMethodsCheckBox" type="checkbox" onclick="switchTestMethodsView(this)"></input>
            Group by class
            
         </label>
         <br></br>
         <label for="methodsFilter_ALL" style="font-weight: bold; margin: 0;">
            <input id="methodsFilter_ALL" type="checkbox"
                   onclick="testMethodsFilterChanged(this, 'ALL')"></input>
            All
            
         </label>
      </div>
      <label for="methodsFilter_FAIL" style="margin-left: 20px;">
         <input id="methodsFilter_FAIL" type="checkbox"
                onclick="testMethodsFilterChanged(this, 'FAIL')"
                checked=""></input>
         Failed
         
      </label>
      <label for="methodsFilter_PASS">
         <input id="methodsFilter_PASS" type="checkbox"
                onclick="testMethodsFilterChanged(this, 'PASS')"
                checked=""></input>
         Passed
         
      </label>
      <label for="methodsFilter_SKIP">
         <input id="methodsFilter_SKIP" type="checkbox"
                onclick="testMethodsFilterChanged(this, 'SKIP')"
                checked=""></input>
         Skipped
         
      </label>
      <label for="methodsFilter_CONF">
         <input id="methodsFilter_CONF" type="checkbox"
                onclick="testMethodsFilterChanged(this, 'CONF')"></input>
         Config
         
      </label>
      <br></br>
      <div id="testMethodsByStatus">
         <table class="testMethodsTable" cellpadding="0" cellspacing="0">
            <tr class="methodsTableHeader">
               <td width="100%">Name</td>
               <td nowrap="true">Started</td>
               <td nowrap="true">Duration</td>
               <td>Exception</td>
            </tr>
            <tr id="com.spafinder.testcases.CreateAccount_createaccount_byStatus_failed_FAIL1_row"
                class="testMethodStatusFAIL">
               <td width="100%" class="firstMethodCell">
                  <a onclick="toggleDetailsVisibility('com.spafinder.testcases.CreateAccount_createaccount_byStatus_failed_FAIL1_details')">createaccount()</a>
               </td>
               <td nowrap="true">21:10:38</td>
               <td nowrap="true" align="right">4m
                  22s
                  
               </td>
               <td nowrap="true">
                  <a onclick="toggleDetailsVisibility('com.spafinder.testcases.CreateAccount_createaccount_byStatus_failed_FAIL1_exception')">org.openqa.selenium.TimeoutException: 
                     Timed out after 15 seconds waiting for presence of any elements located by By.xpath: .//*[@id='statusMessage']/div
                     Build info: version: '2.48.2', revision: '41bccdd', time: '2015-10-09 19:55:52'
                     System info: host: 'NYC-EXPRESS-PC', ip: '192.168.2.25', os.name: 'Windows 7', os.arch: 'x86', os.version: '6.1', java.version:
                     '1.8.0_45'
                     Driver info: org.openqa.selenium.firefox.FirefoxDriver
                     Capabilities [{applicationCacheEnabled=true, rotatable=false, handlesAlerts=true, databaseEnabled=true, version=43.0.4, platform=WINDOWS,
                     nativeEvents=false, acceptSslCerts=true, webStorageEnabled=true, locationContextEnabled=true, browserName=firefox, takesScreenshot=true,
                     javascriptEnabled=true, cssSelectorsEnabled=true}]
                     Session ID: 40d20672-bb5e-4c0e-9585-c8fccfcf95f1
                     
                  </a>
                   
                  
               </td>
            </tr>
            <tr>
               <td colspan="4" class="detailsBox">
                  <div id="com.spafinder.testcases.CreateAccount_createaccount_byStatus_failed_FAIL1_details"
                       class="testMethodDetails">
                     <div>
                        <b>Name: </b>createaccount
                     </div>
                     <div>
                        <b>Signature: </b>createaccount()[pri:0, instance:com.spafinder.testcases.CreateAccount@101b7af]
                     </div>
                     <div>
                        <b>Start time: </b>21:10:38
                     </div>
                     <div>
                        <b>End time: </b>21:15:00
                     </div>
                     <div>
                        <b>Duration: </b>4m
                        22s
                        
                     </div>
                  </div>
               </td>
            </tr>
            <tr>
               <td colspan="4" class="detailsBox">
                  <div id="com.spafinder.testcases.CreateAccount_createaccount_byStatus_failed_FAIL1_exception"
                       class="testMethodDetails">
                     <pre style="padding: 5px; margin: 0;">org.openqa.selenium.TimeoutException: Timed out after 15 seconds waiting for presence of any elements located by By.xpath:
                        .//*[@id='statusMessage']/div
                        Build info: version: '2.48.2', revision: '41bccdd', time: '2015-10-09 19:55:52'
                        System info: host: 'NYC-EXPRESS-PC', ip: '192.168.2.25', os.name: 'Windows 7', os.arch: 'x86', os.version: '6.1', java.version:
                        '1.8.0_45'
                        Driver info: org.openqa.selenium.firefox.FirefoxDriver
                        Capabilities [{applicationCacheEnabled=true, rotatable=false, handlesAlerts=true, databaseEnabled=true, version=43.0.4, platform=WINDOWS,
                        nativeEvents=false, acceptSslCerts=true, webStorageEnabled=true, locationContextEnabled=true, browserName=firefox, takesScreenshot=true,
                        javascriptEnabled=true, cssSelectorsEnabled=true}]
                        Session ID: 40d20672-bb5e-4c0e-9585-c8fccfcf95f1
                        	at org.openqa.selenium.support.ui.WebDriverWait.timeoutException(WebDriverWait.java:80)
                        	at org.openqa.selenium.support.ui.FluentWait.until(FluentWait.java:261)
                        	at com.spafinder.utilities.WebDriverAPI.findElementByXpath(WebDriverAPI.java:538)
                        	at com.spafinder.testcases.CreateAccount.createaccount(CreateAccount.java:40)
                        	at sun.reflect.NativeMethodAccessorImpl.invoke0(Native Method)
                        	at sun.reflect.NativeMethodAccessorImpl.invoke(NativeMethodAccessorImpl.java:62)
                        	at sun.reflect.DelegatingMethodAccessorImpl.invoke(DelegatingMethodAccessorImpl.java:43)
                        	at java.lang.reflect.Method.invoke(Method.java:497)
                        	at org.testng.internal.MethodInvocationHelper.invokeMethod(MethodInvocationHelper.java:84)
                        	at org.testng.internal.Invoker.invokeMethod(Invoker.java:714)
                        	at org.testng.internal.Invoker.invokeTestMethod(Invoker.java:901)
                        	at org.testng.internal.Invoker.invokeTestMethods(Invoker.java:1231)
                        	at org.testng.internal.TestMethodWorker.invokeTestMethods(TestMethodWorker.java:127)
                        	at org.testng.internal.TestMethodWorker.run(TestMethodWorker.java:111)
                        	at org.testng.TestRunner.privateRun(TestRunner.java:767)
                        	at org.testng.TestRunner.run(TestRunner.java:617)
                        	at org.testng.SuiteRunner.runTest(SuiteRunner.java:334)
                        	at org.testng.SuiteRunner.runSequentially(SuiteRunner.java:329)
                        	at org.testng.SuiteRunner.privateRun(SuiteRunner.java:291)
                        	at org.testng.SuiteRunner.run(SuiteRunner.java:240)
                        	at org.testng.SuiteRunnerWorker.runSuite(SuiteRunnerWorker.java:52)
                        	at org.testng.SuiteRunnerWorker.run(SuiteRunnerWorker.java:86)
                        	at org.testng.TestNG.runSuitesSequentially(TestNG.java:1224)
                        	at org.testng.TestNG.runSuitesLocally(TestNG.java:1149)
                        	at org.testng.TestNG.run(TestNG.java:1057)
                        	at org.testng.TestNG.privateMain(TestNG.java:1364)
                        	at org.testng.TestNG.main(TestNG.java:1333)
                     </pre>
                  </div>
               </td>
            </tr>
            <tr id="com.spafinder.testcases.AboutMe_browserOpen_byStatus_passed_PASS1_row"
                class="testMethodStatusPASS testMethodStatusCONF">
               <td width="100%" class="firstMethodCell">
                  <a onclick="toggleDetailsVisibility('com.spafinder.testcases.AboutMe_browserOpen_byStatus_passed_PASS1_details')">browserOpen(public void com.spafinder.testcases.AboutMe.aboutMe() throws java.lang.Exception)</a>
               </td>
               <td nowrap="true">21:09:04</td>
               <td nowrap="true" align="right">23s
                  
               </td>
               <td nowrap="true">
                   
                  
               </td>
            </tr>
            <tr>
               <td colspan="4" class="detailsBox">
                  <div id="com.spafinder.testcases.AboutMe_browserOpen_byStatus_passed_PASS1_details"
                       class="testMethodDetails">
                     <div>
                        <b>Name: </b>browserOpen
                     </div>
                     <div>
                        <b>Signature: </b>browserOpen(java.lang.reflect.Method)[pri:0, instance:com.spafinder.testcases.AboutMe@8a9f61]
                     </div>
                     <div>
                        <b>Parameters: </b>
                        
                        public void com.spafinder.testcases.AboutMe.aboutMe() throws java.lang.Exception
                        
                        
                     </div>
                     <div>
                        <b>Start time: </b>21:09:04
                     </div>
                     <div>
                        <b>End time: </b>21:09:27
                     </div>
                     <div>
                        <b>Duration: </b>23s
                        
                     </div>
                  </div>
               </td>
            </tr>
            <tr></tr>
            <tr id="com.spafinder.testcases.AboutMe_aboutMe_byStatus_passed_PASS2_row"
                class="testMethodStatusPASS">
               <td width="100%" class="firstMethodCell">
                  <a onclick="toggleDetailsVisibility('com.spafinder.testcases.AboutMe_aboutMe_byStatus_passed_PASS2_details')">aboutMe()</a>
               </td>
               <td nowrap="true">21:09:27</td>
               <td nowrap="true" align="right">13s
                  
               </td>
               <td nowrap="true">
                   
                  
               </td>
            </tr>
            <tr>
               <td colspan="4" class="detailsBox">
                  <div id="com.spafinder.testcases.AboutMe_aboutMe_byStatus_passed_PASS2_details"
                       class="testMethodDetails">
                     <div>
                        <b>Name: </b>aboutMe
                     </div>
                     <div>
                        <b>Signature: </b>aboutMe()[pri:0, instance:com.spafinder.testcases.AboutMe@8a9f61]
                     </div>
                     <div>
                        <b>Start time: </b>21:09:27
                     </div>
                     <div>
                        <b>End time: </b>21:09:40
                     </div>
                     <div>
                        <b>Duration: </b>13s
                        
                     </div>
                  </div>
               </td>
            </tr>
            <tr></tr>
            <tr id="com.spafinder.testcases.AboutMe_browserClose_byStatus_passed_PASS3_row"
                class="testMethodStatusPASS testMethodStatusCONF">
               <td width="100%" class="firstMethodCell">
                  <a onclick="toggleDetailsVisibility('com.spafinder.testcases.AboutMe_browserClose_byStatus_passed_PASS3_details')">browserClose(public void com.spafinder.testcases.AboutMe.aboutMe() throws java.lang.Exception)</a>
               </td>
               <td nowrap="true">21:09:40</td>
               <td nowrap="true" align="right">2s
                  
               </td>
               <td nowrap="true">
                   
                  
               </td>
            </tr>
            <tr>
               <td colspan="4" class="detailsBox">
                  <div id="com.spafinder.testcases.AboutMe_browserClose_byStatus_passed_PASS3_details"
                       class="testMethodDetails">
                     <div>
                        <b>Name: </b>browserClose
                     </div>
                     <div>
                        <b>Signature: </b>browserClose(java.lang.reflect.Method)[pri:0, instance:com.spafinder.testcases.AboutMe@8a9f61]
                     </div>
                     <div>
                        <b>Parameters: </b>
                        
                        public void com.spafinder.testcases.AboutMe.aboutMe() throws java.lang.Exception
                        
                        
                     </div>
                     <div>
                        <b>Start time: </b>21:09:40
                     </div>
                     <div>
                        <b>End time: </b>21:09:42
                     </div>
                     <div>
                        <b>Duration: </b>2s
                        
                     </div>
                  </div>
               </td>
            </tr>
            <tr></tr>
            <tr id="com.spafinder.testcases.CreateAccount_browserOpen_byStatus_passed_PASS4_row"
                class="testMethodStatusPASS testMethodStatusCONF">
               <td width="100%" class="firstMethodCell">
                  <a onclick="toggleDetailsVisibility('com.spafinder.testcases.CreateAccount_browserOpen_byStatus_passed_PASS4_details')">browserOpen(public void com.spafinder.testcases.CreateAccount.createaccount() throws java.lang.Exception)</a>
               </td>
               <td nowrap="true">21:09:42</td>
               <td nowrap="true" align="right">56s
                  
               </td>
               <td nowrap="true">
                   
                  
               </td>
            </tr>
            <tr>
               <td colspan="4" class="detailsBox">
                  <div id="com.spafinder.testcases.CreateAccount_browserOpen_byStatus_passed_PASS4_details"
                       class="testMethodDetails">
                     <div>
                        <b>Name: </b>browserOpen
                     </div>
                     <div>
                        <b>Signature: </b>browserOpen(java.lang.reflect.Method)[pri:0, instance:com.spafinder.testcases.CreateAccount@101b7af]
                     </div>
                     <div>
                        <b>Parameters: </b>
                        
                        public void com.spafinder.testcases.CreateAccount.createaccount() throws java.lang.Exception
                        
                        
                     </div>
                     <div>
                        <b>Start time: </b>21:09:42
                     </div>
                     <div>
                        <b>End time: </b>21:10:38
                     </div>
                     <div>
                        <b>Duration: </b>56s
                        
                     </div>
                  </div>
               </td>
            </tr>
            <tr></tr>
            <tr id="com.spafinder.testcases.CreateAccount_browserClose_byStatus_passed_PASS5_row"
                class="testMethodStatusPASS testMethodStatusCONF">
               <td width="100%" class="firstMethodCell">
                  <a onclick="toggleDetailsVisibility('com.spafinder.testcases.CreateAccount_browserClose_byStatus_passed_PASS5_details')">browserClose(public void com.spafinder.testcases.CreateAccount.createaccount() throws java.lang.Exception)</a>
               </td>
               <td nowrap="true">21:15:00</td>
               <td nowrap="true" align="right">2s
                  
               </td>
               <td nowrap="true">
                   
                  
               </td>
            </tr>
            <tr>
               <td colspan="4" class="detailsBox">
                  <div id="com.spafinder.testcases.CreateAccount_browserClose_byStatus_passed_PASS5_details"
                       class="testMethodDetails">
                     <div>
                        <b>Name: </b>browserClose
                     </div>
                     <div>
                        <b>Signature: </b>browserClose(java.lang.reflect.Method)[pri:0, instance:com.spafinder.testcases.CreateAccount@101b7af]
                     </div>
                     <div>
                        <b>Parameters: </b>
                        
                        public void com.spafinder.testcases.CreateAccount.createaccount() throws java.lang.Exception
                        
                        
                     </div>
                     <div>
                        <b>Start time: </b>21:15:00
                     </div>
                     <div>
                        <b>End time: </b>21:15:02
                     </div>
                     <div>
                        <b>Duration: </b>2s
                        
                     </div>
                  </div>
               </td>
            </tr>
            <tr></tr>
            <tr id="com.spafinder.testcases.FindAndBook_HomePage_browserOpen_byStatus_passed_PASS6_row"
                class="testMethodStatusPASS testMethodStatusCONF">
               <td width="100%" class="firstMethodCell">
                  <a onclick="toggleDetailsVisibility('com.spafinder.testcases.FindAndBook_HomePage_browserOpen_byStatus_passed_PASS6_details')">browserOpen(public void com.spafinder.testcases.FindAndBook_HomePage.findAndBookOnSF() throws java.lang.Exception)</a>
               </td>
               <td nowrap="true">21:15:02</td>
               <td nowrap="true" align="right">17s
                  
               </td>
               <td nowrap="true">
                   
                  
               </td>
            </tr>
            <tr>
               <td colspan="4" class="detailsBox">
                  <div id="com.spafinder.testcases.FindAndBook_HomePage_browserOpen_byStatus_passed_PASS6_details"
                       class="testMethodDetails">
                     <div>
                        <b>Name: </b>browserOpen
                     </div>
                     <div>
                        <b>Signature: </b>browserOpen(java.lang.reflect.Method)[pri:0, instance:com.spafinder.testcases.FindAndBook_HomePage@132ec19]
                     </div>
                     <div>
                        <b>Parameters: </b>
                        
                        public void com.spafinder.testcases.FindAndBook_HomePage.findAndBookOnSF() throws java.lang.Exception
                        
                        
                     </div>
                     <div>
                        <b>Start time: </b>21:15:02
                     </div>
                     <div>
                        <b>End time: </b>21:15:19
                     </div>
                     <div>
                        <b>Duration: </b>17s
                        
                     </div>
                  </div>
               </td>
            </tr>
            <tr></tr>
            <tr id="com.spafinder.testcases.FindAndBook_HomePage_findAndBookOnSF_byStatus_passed_PASS7_row"
                class="testMethodStatusPASS">
               <td width="100%" class="firstMethodCell">
                  <a onclick="toggleDetailsVisibility('com.spafinder.testcases.FindAndBook_HomePage_findAndBookOnSF_byStatus_passed_PASS7_details')">findAndBookOnSF()</a>
               </td>
               <td nowrap="true">21:15:19</td>
               <td nowrap="true" align="right">7s
                  
               </td>
               <td nowrap="true">
                   
                  
               </td>
            </tr>
            <tr>
               <td colspan="4" class="detailsBox">
                  <div id="com.spafinder.testcases.FindAndBook_HomePage_findAndBookOnSF_byStatus_passed_PASS7_details"
                       class="testMethodDetails">
                     <div>
                        <b>Name: </b>findAndBookOnSF
                     </div>
                     <div>
                        <b>Signature: </b>findAndBookOnSF()[pri:0, instance:com.spafinder.testcases.FindAndBook_HomePage@132ec19]
                     </div>
                     <div>
                        <b>Start time: </b>21:15:19
                     </div>
                     <div>
                        <b>End time: </b>21:15:26
                     </div>
                     <div>
                        <b>Duration: </b>7s
                        
                     </div>
                  </div>
               </td>
            </tr>
            <tr></tr>
            <tr id="com.spafinder.testcases.FindAndBook_HomePage_browserClose_byStatus_passed_PASS8_row"
                class="testMethodStatusPASS testMethodStatusCONF">
               <td width="100%" class="firstMethodCell">
                  <a onclick="toggleDetailsVisibility('com.spafinder.testcases.FindAndBook_HomePage_browserClose_byStatus_passed_PASS8_details')">browserClose(public void com.spafinder.testcases.FindAndBook_HomePage.findAndBookOnSF() throws java.lang.Exception)</a>
               </td>
               <td nowrap="true">21:15:26</td>
               <td nowrap="true" align="right">2s
                  
               </td>
               <td nowrap="true">
                   
                  
               </td>
            </tr>
            <tr>
               <td colspan="4" class="detailsBox">
                  <div id="com.spafinder.testcases.FindAndBook_HomePage_browserClose_byStatus_passed_PASS8_details"
                       class="testMethodDetails">
                     <div>
                        <b>Name: </b>browserClose
                     </div>
                     <div>
                        <b>Signature: </b>browserClose(java.lang.reflect.Method)[pri:0, instance:com.spafinder.testcases.FindAndBook_HomePage@132ec19]
                     </div>
                     <div>
                        <b>Parameters: </b>
                        
                        public void com.spafinder.testcases.FindAndBook_HomePage.findAndBookOnSF() throws java.lang.Exception
                        
                        
                     </div>
                     <div>
                        <b>Start time: </b>21:15:26
                     </div>
                     <div>
                        <b>End time: </b>21:15:28
                     </div>
                     <div>
                        <b>Duration: </b>2s
                        
                     </div>
                  </div>
               </td>
            </tr>
            <tr></tr>
            <tr id="com.spafinder.testcases.SelectCountry_browserOpen_byStatus_passed_PASS9_row"
                class="testMethodStatusPASS testMethodStatusCONF">
               <td width="100%" class="firstMethodCell">
                  <a onclick="toggleDetailsVisibility('com.spafinder.testcases.SelectCountry_browserOpen_byStatus_passed_PASS9_details')">browserOpen(public void com.spafinder.testcases.SelectCountry.selectCountry() throws java.lang.Exception)</a>
               </td>
               <td nowrap="true">21:15:28</td>
               <td nowrap="true" align="right">18s
                  
               </td>
               <td nowrap="true">
                   
                  
               </td>
            </tr>
            <tr>
               <td colspan="4" class="detailsBox">
                  <div id="com.spafinder.testcases.SelectCountry_browserOpen_byStatus_passed_PASS9_details"
                       class="testMethodDetails">
                     <div>
                        <b>Name: </b>browserOpen
                     </div>
                     <div>
                        <b>Signature: </b>browserOpen(java.lang.reflect.Method)[pri:0, instance:com.spafinder.testcases.SelectCountry@a3ffec]
                     </div>
                     <div>
                        <b>Parameters: </b>
                        
                        public void com.spafinder.testcases.SelectCountry.selectCountry() throws java.lang.Exception
                        
                        
                     </div>
                     <div>
                        <b>Start time: </b>21:15:28
                     </div>
                     <div>
                        <b>End time: </b>21:15:46
                     </div>
                     <div>
                        <b>Duration: </b>18s
                        
                     </div>
                  </div>
               </td>
            </tr>
            <tr></tr>
            <tr id="com.spafinder.testcases.SelectCountry_selectCountry_byStatus_passed_PASS10_row"
                class="testMethodStatusPASS">
               <td width="100%" class="firstMethodCell">
                  <a onclick="toggleDetailsVisibility('com.spafinder.testcases.SelectCountry_selectCountry_byStatus_passed_PASS10_details')">selectCountry()</a>
               </td>
               <td nowrap="true">21:15:46</td>
               <td nowrap="true" align="right">13s
                  
               </td>
               <td nowrap="true">
                   
                  
               </td>
            </tr>
            <tr>
               <td colspan="4" class="detailsBox">
                  <div id="com.spafinder.testcases.SelectCountry_selectCountry_byStatus_passed_PASS10_details"
                       class="testMethodDetails">
                     <div>
                        <b>Name: </b>selectCountry
                     </div>
                     <div>
                        <b>Signature: </b>selectCountry()[pri:0, instance:com.spafinder.testcases.SelectCountry@a3ffec]
                     </div>
                     <div>
                        <b>Start time: </b>21:15:46
                     </div>
                     <div>
                        <b>End time: </b>21:15:58
                     </div>
                     <div>
                        <b>Duration: </b>13s
                        
                     </div>
                  </div>
               </td>
            </tr>
            <tr></tr>
            <tr id="com.spafinder.testcases.SelectCountry_browserClose_byStatus_passed_PASS11_row"
                class="testMethodStatusPASS testMethodStatusCONF">
               <td width="100%" class="firstMethodCell">
                  <a onclick="toggleDetailsVisibility('com.spafinder.testcases.SelectCountry_browserClose_byStatus_passed_PASS11_details')">browserClose(public void com.spafinder.testcases.SelectCountry.selectCountry() throws java.lang.Exception)</a>
               </td>
               <td nowrap="true">21:15:58</td>
               <td nowrap="true" align="right">2s
                  
               </td>
               <td nowrap="true">
                   
                  
               </td>
            </tr>
            <tr>
               <td colspan="4" class="detailsBox">
                  <div id="com.spafinder.testcases.SelectCountry_browserClose_byStatus_passed_PASS11_details"
                       class="testMethodDetails">
                     <div>
                        <b>Name: </b>browserClose
                     </div>
                     <div>
                        <b>Signature: </b>browserClose(java.lang.reflect.Method)[pri:0, instance:com.spafinder.testcases.SelectCountry@a3ffec]
                     </div>
                     <div>
                        <b>Parameters: </b>
                        
                        public void com.spafinder.testcases.SelectCountry.selectCountry() throws java.lang.Exception
                        
                        
                     </div>
                     <div>
                        <b>Start time: </b>21:15:58
                     </div>
                     <div>
                        <b>End time: </b>21:16:00
                     </div>
                     <div>
                        <b>Duration: </b>2s
                        
                     </div>
                  </div>
               </td>
            </tr>
            <tr></tr>
            <tr id="com.spafinder.testcases.SignUpForNewsletter_browserOpen_byStatus_passed_PASS12_row"
                class="testMethodStatusPASS testMethodStatusCONF">
               <td width="100%" class="firstMethodCell">
                  <a onclick="toggleDetailsVisibility('com.spafinder.testcases.SignUpForNewsletter_browserOpen_byStatus_passed_PASS12_details')">browserOpen(public void com.spafinder.testcases.SignUpForNewsletter.newsLetterSignup() throws java.lang.Exception)</a>
               </td>
               <td nowrap="true">21:16:00</td>
               <td nowrap="true" align="right">1m
                  19s
                  
               </td>
               <td nowrap="true">
                   
                  
               </td>
            </tr>
            <tr>
               <td colspan="4" class="detailsBox">
                  <div id="com.spafinder.testcases.SignUpForNewsletter_browserOpen_byStatus_passed_PASS12_details"
                       class="testMethodDetails">
                     <div>
                        <b>Name: </b>browserOpen
                     </div>
                     <div>
                        <b>Signature: </b>browserOpen(java.lang.reflect.Method)[pri:0, instance:com.spafinder.testcases.SignUpForNewsletter@11161c7]
                     </div>
                     <div>
                        <b>Parameters: </b>
                        
                        public void com.spafinder.testcases.SignUpForNewsletter.newsLetterSignup() throws java.lang.Exception
                        
                        
                     </div>
                     <div>
                        <b>Start time: </b>21:16:00
                     </div>
                     <div>
                        <b>End time: </b>21:17:20
                     </div>
                     <div>
                        <b>Duration: </b>1m
                        19s
                        
                     </div>
                  </div>
               </td>
            </tr>
            <tr></tr>
            <tr id="com.spafinder.testcases.SignUpForNewsletter_newsLetterSignup_byStatus_passed_PASS13_row"
                class="testMethodStatusPASS">
               <td width="100%" class="firstMethodCell">
                  <a onclick="toggleDetailsVisibility('com.spafinder.testcases.SignUpForNewsletter_newsLetterSignup_byStatus_passed_PASS13_details')">newsLetterSignup()</a>
               </td>
               <td nowrap="true">21:17:20</td>
               <td nowrap="true" align="right">27s
                  
               </td>
               <td nowrap="true">
                   
                  
               </td>
            </tr>
            <tr>
               <td colspan="4" class="detailsBox">
                  <div id="com.spafinder.testcases.SignUpForNewsletter_newsLetterSignup_byStatus_passed_PASS13_details"
                       class="testMethodDetails">
                     <div>
                        <b>Name: </b>newsLetterSignup
                     </div>
                     <div>
                        <b>Signature: </b>newsLetterSignup()[pri:0, instance:com.spafinder.testcases.SignUpForNewsletter@11161c7]
                     </div>
                     <div>
                        <b>Start time: </b>21:17:20
                     </div>
                     <div>
                        <b>End time: </b>21:17:46
                     </div>
                     <div>
                        <b>Duration: </b>27s
                        
                     </div>
                  </div>
               </td>
            </tr>
            <tr></tr>
            <tr id="com.spafinder.testcases.SignUpForNewsletter_browserClose_byStatus_passed_PASS14_row"
                class="testMethodStatusPASS testMethodStatusCONF">
               <td width="100%" class="firstMethodCell">
                  <a onclick="toggleDetailsVisibility('com.spafinder.testcases.SignUpForNewsletter_browserClose_byStatus_passed_PASS14_details')">browserClose(public void com.spafinder.testcases.SignUpForNewsletter.newsLetterSignup() throws java.lang.Exception)</a>
               </td>
               <td nowrap="true">21:17:46</td>
               <td nowrap="true" align="right">2s
                  
               </td>
               <td nowrap="true">
                   
                  
               </td>
            </tr>
            <tr>
               <td colspan="4" class="detailsBox">
                  <div id="com.spafinder.testcases.SignUpForNewsletter_browserClose_byStatus_passed_PASS14_details"
                       class="testMethodDetails">
                     <div>
                        <b>Name: </b>browserClose
                     </div>
                     <div>
                        <b>Signature: </b>browserClose(java.lang.reflect.Method)[pri:0, instance:com.spafinder.testcases.SignUpForNewsletter@11161c7]
                     </div>
                     <div>
                        <b>Parameters: </b>
                        
                        public void com.spafinder.testcases.SignUpForNewsletter.newsLetterSignup() throws java.lang.Exception
                        
                        
                     </div>
                     <div>
                        <b>Start time: </b>21:17:46
                     </div>
                     <div>
                        <b>End time: </b>21:17:48
                     </div>
                     <div>
                        <b>Duration: </b>2s
                        
                     </div>
                  </div>
               </td>
            </tr>
            <tr></tr>
         </table>
      </div>
      <div id="testMethodsByClass" style="display: none;">
         <table class="testMethodsTable" cellpadding="0" cellspacing="0">
            <tr>
               <td colspan="4">
                  <h3 style="display: inline;">com.spafinder.testcases.AboutMe</h3>
               </td>
            </tr>
            <tr class="methodsTableHeader">
               <td width="100%">Name</td>
               <td nowrap="true">Started</td>
               <td nowrap="true">Duration</td>
               <td>Exception</td>
            </tr>
            <tr id="com.spafinder.testcases.AboutMe_browserOpen_byClass_PASS1_row"
                class="testMethodStatusPASS testMethodStatusCONF">
               <td width="100%" class="firstMethodCell">
                  <a onclick="toggleDetailsVisibility('com.spafinder.testcases.AboutMe_browserOpen_byClass_PASS1_details')">browserOpen(public void com.spafinder.testcases.AboutMe.aboutMe() throws java.lang.Exception)</a>
               </td>
               <td nowrap="true">21:09:04</td>
               <td nowrap="true" align="right">23s
                  
               </td>
               <td nowrap="true">
                   
                  
               </td>
            </tr>
            <tr>
               <td colspan="4" class="detailsBox">
                  <div id="com.spafinder.testcases.AboutMe_browserOpen_byClass_PASS1_details"
                       class="testMethodDetails">
                     <div>
                        <b>Name: </b>browserOpen
                     </div>
                     <div>
                        <b>Signature: </b>browserOpen(java.lang.reflect.Method)[pri:0, instance:com.spafinder.testcases.AboutMe@8a9f61]
                     </div>
                     <div>
                        <b>Parameters: </b>
                        
                        public void com.spafinder.testcases.AboutMe.aboutMe() throws java.lang.Exception
                        
                        
                     </div>
                     <div>
                        <b>Start time: </b>21:09:04
                     </div>
                     <div>
                        <b>End time: </b>21:09:27
                     </div>
                     <div>
                        <b>Duration: </b>23s
                        
                     </div>
                  </div>
               </td>
            </tr>
            <tr></tr>
            <tr id="com.spafinder.testcases.AboutMe_aboutMe_byClass_PASS2_row"
                class="testMethodStatusPASS">
               <td width="100%" class="firstMethodCell">
                  <a onclick="toggleDetailsVisibility('com.spafinder.testcases.AboutMe_aboutMe_byClass_PASS2_details')">aboutMe()</a>
               </td>
               <td nowrap="true">21:09:27</td>
               <td nowrap="true" align="right">13s
                  
               </td>
               <td nowrap="true">
                   
                  
               </td>
            </tr>
            <tr>
               <td colspan="4" class="detailsBox">
                  <div id="com.spafinder.testcases.AboutMe_aboutMe_byClass_PASS2_details"
                       class="testMethodDetails">
                     <div>
                        <b>Name: </b>aboutMe
                     </div>
                     <div>
                        <b>Signature: </b>aboutMe()[pri:0, instance:com.spafinder.testcases.AboutMe@8a9f61]
                     </div>
                     <div>
                        <b>Start time: </b>21:09:27
                     </div>
                     <div>
                        <b>End time: </b>21:09:40
                     </div>
                     <div>
                        <b>Duration: </b>13s
                        
                     </div>
                  </div>
               </td>
            </tr>
            <tr></tr>
            <tr id="com.spafinder.testcases.AboutMe_browserClose_byClass_PASS3_row"
                class="testMethodStatusPASS testMethodStatusCONF">
               <td width="100%" class="firstMethodCell">
                  <a onclick="toggleDetailsVisibility('com.spafinder.testcases.AboutMe_browserClose_byClass_PASS3_details')">browserClose(public void com.spafinder.testcases.AboutMe.aboutMe() throws java.lang.Exception)</a>
               </td>
               <td nowrap="true">21:09:40</td>
               <td nowrap="true" align="right">2s
                  
               </td>
               <td nowrap="true">
                   
                  
               </td>
            </tr>
            <tr>
               <td colspan="4" class="detailsBox">
                  <div id="com.spafinder.testcases.AboutMe_browserClose_byClass_PASS3_details"
                       class="testMethodDetails">
                     <div>
                        <b>Name: </b>browserClose
                     </div>
                     <div>
                        <b>Signature: </b>browserClose(java.lang.reflect.Method)[pri:0, instance:com.spafinder.testcases.AboutMe@8a9f61]
                     </div>
                     <div>
                        <b>Parameters: </b>
                        
                        public void com.spafinder.testcases.AboutMe.aboutMe() throws java.lang.Exception
                        
                        
                     </div>
                     <div>
                        <b>Start time: </b>21:09:40
                     </div>
                     <div>
                        <b>End time: </b>21:09:42
                     </div>
                     <div>
                        <b>Duration: </b>2s
                        
                     </div>
                  </div>
               </td>
            </tr>
            <tr></tr>
         </table>
         <br></br>
         <table class="testMethodsTable" cellpadding="0" cellspacing="0">
            <tr>
               <td colspan="4">
                  <h3 style="display: inline;">com.spafinder.testcases.CreateAccount</h3>
               </td>
            </tr>
            <tr class="methodsTableHeader">
               <td width="100%">Name</td>
               <td nowrap="true">Started</td>
               <td nowrap="true">Duration</td>
               <td>Exception</td>
            </tr>
            <tr id="com.spafinder.testcases.CreateAccount_browserOpen_byClass_PASS1_row"
                class="testMethodStatusPASS testMethodStatusCONF">
               <td width="100%" class="firstMethodCell">
                  <a onclick="toggleDetailsVisibility('com.spafinder.testcases.CreateAccount_browserOpen_byClass_PASS1_details')">browserOpen(public void com.spafinder.testcases.CreateAccount.createaccount() throws java.lang.Exception)</a>
               </td>
               <td nowrap="true">21:09:42</td>
               <td nowrap="true" align="right">56s
                  
               </td>
               <td nowrap="true">
                   
                  
               </td>
            </tr>
            <tr>
               <td colspan="4" class="detailsBox">
                  <div id="com.spafinder.testcases.CreateAccount_browserOpen_byClass_PASS1_details"
                       class="testMethodDetails">
                     <div>
                        <b>Name: </b>browserOpen
                     </div>
                     <div>
                        <b>Signature: </b>browserOpen(java.lang.reflect.Method)[pri:0, instance:com.spafinder.testcases.CreateAccount@101b7af]
                     </div>
                     <div>
                        <b>Parameters: </b>
                        
                        public void com.spafinder.testcases.CreateAccount.createaccount() throws java.lang.Exception
                        
                        
                     </div>
                     <div>
                        <b>Start time: </b>21:09:42
                     </div>
                     <div>
                        <b>End time: </b>21:10:38
                     </div>
                     <div>
                        <b>Duration: </b>56s
                        
                     </div>
                  </div>
               </td>
            </tr>
            <tr></tr>
            <tr id="com.spafinder.testcases.CreateAccount_createaccount_byClass_FAIL2_row"
                class="testMethodStatusFAIL">
               <td width="100%" class="firstMethodCell">
                  <a onclick="toggleDetailsVisibility('com.spafinder.testcases.CreateAccount_createaccount_byClass_FAIL2_details')">createaccount()</a>
               </td>
               <td nowrap="true">21:10:38</td>
               <td nowrap="true" align="right">4m
                  22s
                  
               </td>
               <td nowrap="true">
                  <a onclick="toggleDetailsVisibility('com.spafinder.testcases.CreateAccount_createaccount_byClass_FAIL2_exception')">org.openqa.selenium.TimeoutException: 
                     Timed out after 15 seconds waiting for presence of any elements located by By.xpath: .//*[@id='statusMessage']/div
                     Build info: version: '2.48.2', revision: '41bccdd', time: '2015-10-09 19:55:52'
                     System info: host: 'NYC-EXPRESS-PC', ip: '192.168.2.25', os.name: 'Windows 7', os.arch: 'x86', os.version: '6.1', java.version:
                     '1.8.0_45'
                     Driver info: org.openqa.selenium.firefox.FirefoxDriver
                     Capabilities [{applicationCacheEnabled=true, rotatable=false, handlesAlerts=true, databaseEnabled=true, version=43.0.4, platform=WINDOWS,
                     nativeEvents=false, acceptSslCerts=true, webStorageEnabled=true, locationContextEnabled=true, browserName=firefox, takesScreenshot=true,
                     javascriptEnabled=true, cssSelectorsEnabled=true}]
                     Session ID: 40d20672-bb5e-4c0e-9585-c8fccfcf95f1
                     
                  </a>
                   
                  
               </td>
            </tr>
            <tr>
               <td colspan="4" class="detailsBox">
                  <div id="com.spafinder.testcases.CreateAccount_createaccount_byClass_FAIL2_details"
                       class="testMethodDetails">
                     <div>
                        <b>Name: </b>createaccount
                     </div>
                     <div>
                        <b>Signature: </b>createaccount()[pri:0, instance:com.spafinder.testcases.CreateAccount@101b7af]
                     </div>
                     <div>
                        <b>Start time: </b>21:10:38
                     </div>
                     <div>
                        <b>End time: </b>21:15:00
                     </div>
                     <div>
                        <b>Duration: </b>4m
                        22s
                        
                     </div>
                  </div>
               </td>
            </tr>
            <tr>
               <td colspan="4" class="detailsBox">
                  <div id="com.spafinder.testcases.CreateAccount_createaccount_byClass_FAIL2_exception"
                       class="testMethodDetails">
                     <pre style="padding: 5px; margin: 0;">org.openqa.selenium.TimeoutException: Timed out after 15 seconds waiting for presence of any elements located by By.xpath:
                        .//*[@id='statusMessage']/div
                        Build info: version: '2.48.2', revision: '41bccdd', time: '2015-10-09 19:55:52'
                        System info: host: 'NYC-EXPRESS-PC', ip: '192.168.2.25', os.name: 'Windows 7', os.arch: 'x86', os.version: '6.1', java.version:
                        '1.8.0_45'
                        Driver info: org.openqa.selenium.firefox.FirefoxDriver
                        Capabilities [{applicationCacheEnabled=true, rotatable=false, handlesAlerts=true, databaseEnabled=true, version=43.0.4, platform=WINDOWS,
                        nativeEvents=false, acceptSslCerts=true, webStorageEnabled=true, locationContextEnabled=true, browserName=firefox, takesScreenshot=true,
                        javascriptEnabled=true, cssSelectorsEnabled=true}]
                        Session ID: 40d20672-bb5e-4c0e-9585-c8fccfcf95f1
                        	at org.openqa.selenium.support.ui.WebDriverWait.timeoutException(WebDriverWait.java:80)
                        	at org.openqa.selenium.support.ui.FluentWait.until(FluentWait.java:261)
                        	at com.spafinder.utilities.WebDriverAPI.findElementByXpath(WebDriverAPI.java:538)
                        	at com.spafinder.testcases.CreateAccount.createaccount(CreateAccount.java:40)
                        	at sun.reflect.NativeMethodAccessorImpl.invoke0(Native Method)
                        	at sun.reflect.NativeMethodAccessorImpl.invoke(NativeMethodAccessorImpl.java:62)
                        	at sun.reflect.DelegatingMethodAccessorImpl.invoke(DelegatingMethodAccessorImpl.java:43)
                        	at java.lang.reflect.Method.invoke(Method.java:497)
                        	at org.testng.internal.MethodInvocationHelper.invokeMethod(MethodInvocationHelper.java:84)
                        	at org.testng.internal.Invoker.invokeMethod(Invoker.java:714)
                        	at org.testng.internal.Invoker.invokeTestMethod(Invoker.java:901)
                        	at org.testng.internal.Invoker.invokeTestMethods(Invoker.java:1231)
                        	at org.testng.internal.TestMethodWorker.invokeTestMethods(TestMethodWorker.java:127)
                        	at org.testng.internal.TestMethodWorker.run(TestMethodWorker.java:111)
                        	at org.testng.TestRunner.privateRun(TestRunner.java:767)
                        	at org.testng.TestRunner.run(TestRunner.java:617)
                        	at org.testng.SuiteRunner.runTest(SuiteRunner.java:334)
                        	at org.testng.SuiteRunner.runSequentially(SuiteRunner.java:329)
                        	at org.testng.SuiteRunner.privateRun(SuiteRunner.java:291)
                        	at org.testng.SuiteRunner.run(SuiteRunner.java:240)
                        	at org.testng.SuiteRunnerWorker.runSuite(SuiteRunnerWorker.java:52)
                        	at org.testng.SuiteRunnerWorker.run(SuiteRunnerWorker.java:86)
                        	at org.testng.TestNG.runSuitesSequentially(TestNG.java:1224)
                        	at org.testng.TestNG.runSuitesLocally(TestNG.java:1149)
                        	at org.testng.TestNG.run(TestNG.java:1057)
                        	at org.testng.TestNG.privateMain(TestNG.java:1364)
                        	at org.testng.TestNG.main(TestNG.java:1333)
                     </pre>
                  </div>
               </td>
            </tr>
            <tr id="com.spafinder.testcases.CreateAccount_browserClose_byClass_PASS3_row"
                class="testMethodStatusPASS testMethodStatusCONF">
               <td width="100%" class="firstMethodCell">
                  <a onclick="toggleDetailsVisibility('com.spafinder.testcases.CreateAccount_browserClose_byClass_PASS3_details')">browserClose(public void com.spafinder.testcases.CreateAccount.createaccount() throws java.lang.Exception)</a>
               </td>
               <td nowrap="true">21:15:00</td>
               <td nowrap="true" align="right">2s
                  
               </td>
               <td nowrap="true">
                   
                  
               </td>
            </tr>
            <tr>
               <td colspan="4" class="detailsBox">
                  <div id="com.spafinder.testcases.CreateAccount_browserClose_byClass_PASS3_details"
                       class="testMethodDetails">
                     <div>
                        <b>Name: </b>browserClose
                     </div>
                     <div>
                        <b>Signature: </b>browserClose(java.lang.reflect.Method)[pri:0, instance:com.spafinder.testcases.CreateAccount@101b7af]
                     </div>
                     <div>
                        <b>Parameters: </b>
                        
                        public void com.spafinder.testcases.CreateAccount.createaccount() throws java.lang.Exception
                        
                        
                     </div>
                     <div>
                        <b>Start time: </b>21:15:00
                     </div>
                     <div>
                        <b>End time: </b>21:15:02
                     </div>
                     <div>
                        <b>Duration: </b>2s
                        
                     </div>
                  </div>
               </td>
            </tr>
            <tr></tr>
         </table>
         <br></br>
         <table class="testMethodsTable" cellpadding="0" cellspacing="0">
            <tr>
               <td colspan="4">
                  <h3 style="display: inline;">com.spafinder.testcases.FindAndBook_HomePage</h3>
               </td>
            </tr>
            <tr class="methodsTableHeader">
               <td width="100%">Name</td>
               <td nowrap="true">Started</td>
               <td nowrap="true">Duration</td>
               <td>Exception</td>
            </tr>
            <tr id="com.spafinder.testcases.FindAndBook_HomePage_browserOpen_byClass_PASS1_row"
                class="testMethodStatusPASS testMethodStatusCONF">
               <td width="100%" class="firstMethodCell">
                  <a onclick="toggleDetailsVisibility('com.spafinder.testcases.FindAndBook_HomePage_browserOpen_byClass_PASS1_details')">browserOpen(public void com.spafinder.testcases.FindAndBook_HomePage.findAndBookOnSF() throws java.lang.Exception)</a>
               </td>
               <td nowrap="true">21:15:02</td>
               <td nowrap="true" align="right">17s
                  
               </td>
               <td nowrap="true">
                   
                  
               </td>
            </tr>
            <tr>
               <td colspan="4" class="detailsBox">
                  <div id="com.spafinder.testcases.FindAndBook_HomePage_browserOpen_byClass_PASS1_details"
                       class="testMethodDetails">
                     <div>
                        <b>Name: </b>browserOpen
                     </div>
                     <div>
                        <b>Signature: </b>browserOpen(java.lang.reflect.Method)[pri:0, instance:com.spafinder.testcases.FindAndBook_HomePage@132ec19]
                     </div>
                     <div>
                        <b>Parameters: </b>
                        
                        public void com.spafinder.testcases.FindAndBook_HomePage.findAndBookOnSF() throws java.lang.Exception
                        
                        
                     </div>
                     <div>
                        <b>Start time: </b>21:15:02
                     </div>
                     <div>
                        <b>End time: </b>21:15:19
                     </div>
                     <div>
                        <b>Duration: </b>17s
                        
                     </div>
                  </div>
               </td>
            </tr>
            <tr></tr>
            <tr id="com.spafinder.testcases.FindAndBook_HomePage_findAndBookOnSF_byClass_PASS2_row"
                class="testMethodStatusPASS">
               <td width="100%" class="firstMethodCell">
                  <a onclick="toggleDetailsVisibility('com.spafinder.testcases.FindAndBook_HomePage_findAndBookOnSF_byClass_PASS2_details')">findAndBookOnSF()</a>
               </td>
               <td nowrap="true">21:15:19</td>
               <td nowrap="true" align="right">7s
                  
               </td>
               <td nowrap="true">
                   
                  
               </td>
            </tr>
            <tr>
               <td colspan="4" class="detailsBox">
                  <div id="com.spafinder.testcases.FindAndBook_HomePage_findAndBookOnSF_byClass_PASS2_details"
                       class="testMethodDetails">
                     <div>
                        <b>Name: </b>findAndBookOnSF
                     </div>
                     <div>
                        <b>Signature: </b>findAndBookOnSF()[pri:0, instance:com.spafinder.testcases.FindAndBook_HomePage@132ec19]
                     </div>
                     <div>
                        <b>Start time: </b>21:15:19
                     </div>
                     <div>
                        <b>End time: </b>21:15:26
                     </div>
                     <div>
                        <b>Duration: </b>7s
                        
                     </div>
                  </div>
               </td>
            </tr>
            <tr></tr>
            <tr id="com.spafinder.testcases.FindAndBook_HomePage_browserClose_byClass_PASS3_row"
                class="testMethodStatusPASS testMethodStatusCONF">
               <td width="100%" class="firstMethodCell">
                  <a onclick="toggleDetailsVisibility('com.spafinder.testcases.FindAndBook_HomePage_browserClose_byClass_PASS3_details')">browserClose(public void com.spafinder.testcases.FindAndBook_HomePage.findAndBookOnSF() throws java.lang.Exception)</a>
               </td>
               <td nowrap="true">21:15:26</td>
               <td nowrap="true" align="right">2s
                  
               </td>
               <td nowrap="true">
                   
                  
               </td>
            </tr>
            <tr>
               <td colspan="4" class="detailsBox">
                  <div id="com.spafinder.testcases.FindAndBook_HomePage_browserClose_byClass_PASS3_details"
                       class="testMethodDetails">
                     <div>
                        <b>Name: </b>browserClose
                     </div>
                     <div>
                        <b>Signature: </b>browserClose(java.lang.reflect.Method)[pri:0, instance:com.spafinder.testcases.FindAndBook_HomePage@132ec19]
                     </div>
                     <div>
                        <b>Parameters: </b>
                        
                        public void com.spafinder.testcases.FindAndBook_HomePage.findAndBookOnSF() throws java.lang.Exception
                        
                        
                     </div>
                     <div>
                        <b>Start time: </b>21:15:26
                     </div>
                     <div>
                        <b>End time: </b>21:15:28
                     </div>
                     <div>
                        <b>Duration: </b>2s
                        
                     </div>
                  </div>
               </td>
            </tr>
            <tr></tr>
         </table>
         <br></br>
         <table class="testMethodsTable" cellpadding="0" cellspacing="0">
            <tr>
               <td colspan="4">
                  <h3 style="display: inline;">com.spafinder.testcases.SelectCountry</h3>
               </td>
            </tr>
            <tr class="methodsTableHeader">
               <td width="100%">Name</td>
               <td nowrap="true">Started</td>
               <td nowrap="true">Duration</td>
               <td>Exception</td>
            </tr>
            <tr id="com.spafinder.testcases.SelectCountry_browserOpen_byClass_PASS1_row"
                class="testMethodStatusPASS testMethodStatusCONF">
               <td width="100%" class="firstMethodCell">
                  <a onclick="toggleDetailsVisibility('com.spafinder.testcases.SelectCountry_browserOpen_byClass_PASS1_details')">browserOpen(public void com.spafinder.testcases.SelectCountry.selectCountry() throws java.lang.Exception)</a>
               </td>
               <td nowrap="true">21:15:28</td>
               <td nowrap="true" align="right">18s
                  
               </td>
               <td nowrap="true">
                   
                  
               </td>
            </tr>
            <tr>
               <td colspan="4" class="detailsBox">
                  <div id="com.spafinder.testcases.SelectCountry_browserOpen_byClass_PASS1_details"
                       class="testMethodDetails">
                     <div>
                        <b>Name: </b>browserOpen
                     </div>
                     <div>
                        <b>Signature: </b>browserOpen(java.lang.reflect.Method)[pri:0, instance:com.spafinder.testcases.SelectCountry@a3ffec]
                     </div>
                     <div>
                        <b>Parameters: </b>
                        
                        public void com.spafinder.testcases.SelectCountry.selectCountry() throws java.lang.Exception
                        
                        
                     </div>
                     <div>
                        <b>Start time: </b>21:15:28
                     </div>
                     <div>
                        <b>End time: </b>21:15:46
                     </div>
                     <div>
                        <b>Duration: </b>18s
                        
                     </div>
                  </div>
               </td>
            </tr>
            <tr></tr>
            <tr id="com.spafinder.testcases.SelectCountry_selectCountry_byClass_PASS2_row"
                class="testMethodStatusPASS">
               <td width="100%" class="firstMethodCell">
                  <a onclick="toggleDetailsVisibility('com.spafinder.testcases.SelectCountry_selectCountry_byClass_PASS2_details')">selectCountry()</a>
               </td>
               <td nowrap="true">21:15:46</td>
               <td nowrap="true" align="right">13s
                  
               </td>
               <td nowrap="true">
                   
                  
               </td>
            </tr>
            <tr>
               <td colspan="4" class="detailsBox">
                  <div id="com.spafinder.testcases.SelectCountry_selectCountry_byClass_PASS2_details"
                       class="testMethodDetails">
                     <div>
                        <b>Name: </b>selectCountry
                     </div>
                     <div>
                        <b>Signature: </b>selectCountry()[pri:0, instance:com.spafinder.testcases.SelectCountry@a3ffec]
                     </div>
                     <div>
                        <b>Start time: </b>21:15:46
                     </div>
                     <div>
                        <b>End time: </b>21:15:58
                     </div>
                     <div>
                        <b>Duration: </b>13s
                        
                     </div>
                  </div>
               </td>
            </tr>
            <tr></tr>
            <tr id="com.spafinder.testcases.SelectCountry_browserClose_byClass_PASS3_row"
                class="testMethodStatusPASS testMethodStatusCONF">
               <td width="100%" class="firstMethodCell">
                  <a onclick="toggleDetailsVisibility('com.spafinder.testcases.SelectCountry_browserClose_byClass_PASS3_details')">browserClose(public void com.spafinder.testcases.SelectCountry.selectCountry() throws java.lang.Exception)</a>
               </td>
               <td nowrap="true">21:15:58</td>
               <td nowrap="true" align="right">2s
                  
               </td>
               <td nowrap="true">
                   
                  
               </td>
            </tr>
            <tr>
               <td colspan="4" class="detailsBox">
                  <div id="com.spafinder.testcases.SelectCountry_browserClose_byClass_PASS3_details"
                       class="testMethodDetails">
                     <div>
                        <b>Name: </b>browserClose
                     </div>
                     <div>
                        <b>Signature: </b>browserClose(java.lang.reflect.Method)[pri:0, instance:com.spafinder.testcases.SelectCountry@a3ffec]
                     </div>
                     <div>
                        <b>Parameters: </b>
                        
                        public void com.spafinder.testcases.SelectCountry.selectCountry() throws java.lang.Exception
                        
                        
                     </div>
                     <div>
                        <b>Start time: </b>21:15:58
                     </div>
                     <div>
                        <b>End time: </b>21:16:00
                     </div>
                     <div>
                        <b>Duration: </b>2s
                        
                     </div>
                  </div>
               </td>
            </tr>
            <tr></tr>
         </table>
         <br></br>
         <table class="testMethodsTable" cellpadding="0" cellspacing="0">
            <tr>
               <td colspan="4">
                  <h3 style="display: inline;">com.spafinder.testcases.SignUpForNewsletter</h3>
               </td>
            </tr>
            <tr class="methodsTableHeader">
               <td width="100%">Name</td>
               <td nowrap="true">Started</td>
               <td nowrap="true">Duration</td>
               <td>Exception</td>
            </tr>
            <tr id="com.spafinder.testcases.SignUpForNewsletter_browserOpen_byClass_PASS1_row"
                class="testMethodStatusPASS testMethodStatusCONF">
               <td width="100%" class="firstMethodCell">
                  <a onclick="toggleDetailsVisibility('com.spafinder.testcases.SignUpForNewsletter_browserOpen_byClass_PASS1_details')">browserOpen(public void com.spafinder.testcases.SignUpForNewsletter.newsLetterSignup() throws java.lang.Exception)</a>
               </td>
               <td nowrap="true">21:16:00</td>
               <td nowrap="true" align="right">1m
                  19s
                  
               </td>
               <td nowrap="true">
                   
                  
               </td>
            </tr>
            <tr>
               <td colspan="4" class="detailsBox">
                  <div id="com.spafinder.testcases.SignUpForNewsletter_browserOpen_byClass_PASS1_details"
                       class="testMethodDetails">
                     <div>
                        <b>Name: </b>browserOpen
                     </div>
                     <div>
                        <b>Signature: </b>browserOpen(java.lang.reflect.Method)[pri:0, instance:com.spafinder.testcases.SignUpForNewsletter@11161c7]
                     </div>
                     <div>
                        <b>Parameters: </b>
                        
                        public void com.spafinder.testcases.SignUpForNewsletter.newsLetterSignup() throws java.lang.Exception
                        
                        
                     </div>
                     <div>
                        <b>Start time: </b>21:16:00
                     </div>
                     <div>
                        <b>End time: </b>21:17:20
                     </div>
                     <div>
                        <b>Duration: </b>1m
                        19s
                        
                     </div>
                  </div>
               </td>
            </tr>
            <tr></tr>
            <tr id="com.spafinder.testcases.SignUpForNewsletter_newsLetterSignup_byClass_PASS2_row"
                class="testMethodStatusPASS">
               <td width="100%" class="firstMethodCell">
                  <a onclick="toggleDetailsVisibility('com.spafinder.testcases.SignUpForNewsletter_newsLetterSignup_byClass_PASS2_details')">newsLetterSignup()</a>
               </td>
               <td nowrap="true">21:17:20</td>
               <td nowrap="true" align="right">27s
                  
               </td>
               <td nowrap="true">
                   
                  
               </td>
            </tr>
            <tr>
               <td colspan="4" class="detailsBox">
                  <div id="com.spafinder.testcases.SignUpForNewsletter_newsLetterSignup_byClass_PASS2_details"
                       class="testMethodDetails">
                     <div>
                        <b>Name: </b>newsLetterSignup
                     </div>
                     <div>
                        <b>Signature: </b>newsLetterSignup()[pri:0, instance:com.spafinder.testcases.SignUpForNewsletter@11161c7]
                     </div>
                     <div>
                        <b>Start time: </b>21:17:20
                     </div>
                     <div>
                        <b>End time: </b>21:17:46
                     </div>
                     <div>
                        <b>Duration: </b>27s
                        
                     </div>
                  </div>
               </td>
            </tr>
            <tr></tr>
            <tr id="com.spafinder.testcases.SignUpForNewsletter_browserClose_byClass_PASS3_row"
                class="testMethodStatusPASS testMethodStatusCONF">
               <td width="100%" class="firstMethodCell">
                  <a onclick="toggleDetailsVisibility('com.spafinder.testcases.SignUpForNewsletter_browserClose_byClass_PASS3_details')">browserClose(public void com.spafinder.testcases.SignUpForNewsletter.newsLetterSignup() throws java.lang.Exception)</a>
               </td>
               <td nowrap="true">21:17:46</td>
               <td nowrap="true" align="right">2s
                  
               </td>
               <td nowrap="true">
                   
                  
               </td>
            </tr>
            <tr>
               <td colspan="4" class="detailsBox">
                  <div id="com.spafinder.testcases.SignUpForNewsletter_browserClose_byClass_PASS3_details"
                       class="testMethodDetails">
                     <div>
                        <b>Name: </b>browserClose
                     </div>
                     <div>
                        <b>Signature: </b>browserClose(java.lang.reflect.Method)[pri:0, instance:com.spafinder.testcases.SignUpForNewsletter@11161c7]
                     </div>
                     <div>
                        <b>Parameters: </b>
                        
                        public void com.spafinder.testcases.SignUpForNewsletter.newsLetterSignup() throws java.lang.Exception
                        
                        
                     </div>
                     <div>
                        <b>Start time: </b>21:17:46
                     </div>
                     <div>
                        <b>End time: </b>21:17:48
                     </div>
                     <div>
                        <b>Duration: </b>2s
                        
                     </div>
                  </div>
               </td>
            </tr>
            <tr></tr>
         </table>
         <br></br>
      </div>
      <div style="margin-top: 15px; color: gray; text-align: center; font-size: 9px;">
         Generated with
         
         <a href="http://code.google.com/p/testng-xslt/" style="color: #8888aa;"
            target="_blank">
            TestNG XSLT
            
         </a>
      </div>
   </body>
</html>