<?xml version="1.0" encoding="UTF-8"?>
<testng-results skipped="0" failed="1" total="5" passed="4">
  <reporter-output>
  </reporter-output>
  <suite name="Spafinder Final Test" duration-ms="524356" started-at="2016-01-14T02:09:04Z" finished-at="2016-01-14T02:17:48Z">
    <groups>
    </groups>
    <test name="Test - Perform click on About Me link" duration-ms="37821" started-at="2016-01-14T02:09:04Z" finished-at="2016-01-14T02:09:42Z">
      <class name="com.spafinder.testcases.AboutMe">
        <test-method status="PASS" signature="browserOpen(java.lang.reflect.Method)[pri:0, instance:com.spafinder.testcases.AboutMe@8a9f61]" name="browserOpen" is-config="true" duration-ms="22964" started-at="2016-01-13T21:09:04Z" finished-at="2016-01-13T21:09:27Z">
          <params>
            <param index="0">
              <value>
                <![CDATA[public void com.spafinder.testcases.AboutMe.aboutMe() throws java.lang.Exception]]>
              </value>
            </param>
          </params>
          <reporter-output>
          </reporter-output>
        </test-method> <!-- browserOpen -->
        <test-method status="PASS" signature="aboutMe()[pri:0, instance:com.spafinder.testcases.AboutMe@8a9f61]" name="aboutMe" duration-ms="12806" started-at="2016-01-13T21:09:27Z" finished-at="2016-01-13T21:09:40Z">
          <reporter-output>
          </reporter-output>
        </test-method> <!-- aboutMe -->
        <test-method status="PASS" signature="browserClose(java.lang.reflect.Method)[pri:0, instance:com.spafinder.testcases.AboutMe@8a9f61]" name="browserClose" is-config="true" duration-ms="2033" started-at="2016-01-13T21:09:40Z" finished-at="2016-01-13T21:09:42Z">
          <params>
            <param index="0">
              <value>
                <![CDATA[public void com.spafinder.testcases.AboutMe.aboutMe() throws java.lang.Exception]]>
              </value>
            </param>
          </params>
          <reporter-output>
          </reporter-output>
        </test-method> <!-- browserClose -->
      </class> <!-- com.spafinder.testcases.AboutMe -->
    </test> <!-- Test - Perform click on About Me link -->
    <test name="Test - Create New Account" duration-ms="320093" started-at="2016-01-14T02:09:42Z" finished-at="2016-01-14T02:15:02Z">
      <class name="com.spafinder.testcases.CreateAccount">
        <test-method status="PASS" signature="browserOpen(java.lang.reflect.Method)[pri:0, instance:com.spafinder.testcases.CreateAccount@101b7af]" name="browserOpen" is-config="true" duration-ms="55874" started-at="2016-01-13T21:09:42Z" finished-at="2016-01-13T21:10:38Z">
          <params>
            <param index="0">
              <value>
                <![CDATA[public void com.spafinder.testcases.CreateAccount.createaccount() throws java.lang.Exception]]>
              </value>
            </param>
          </params>
          <reporter-output>
          </reporter-output>
        </test-method> <!-- browserOpen -->
        <test-method status="FAIL" signature="createaccount()[pri:0, instance:com.spafinder.testcases.CreateAccount@101b7af]" name="createaccount" duration-ms="262190" started-at="2016-01-13T21:10:38Z" finished-at="2016-01-13T21:15:00Z">
          <exception class="org.openqa.selenium.TimeoutException">
            <message>
              <![CDATA[Timed out after 15 seconds waiting for presence of any elements located by By.xpath: .//*[@id='statusMessage']/div
Build info: version: '2.48.2', revision: '41bccdd', time: '2015-10-09 19:55:52'
System info: host: 'NYC-EXPRESS-PC', ip: '192.168.2.25', os.name: 'Windows 7', os.arch: 'x86', os.version: '6.1', java.version: '1.8.0_45'
Driver info: org.openqa.selenium.firefox.FirefoxDriver
Capabilities [{applicationCacheEnabled=true, rotatable=false, handlesAlerts=true, databaseEnabled=true, version=43.0.4, platform=WINDOWS, nativeEvents=false, acceptSslCerts=true, webStorageEnabled=true, locationContextEnabled=true, browserName=firefox, takesScreenshot=true, javascriptEnabled=true, cssSelectorsEnabled=true}]
Session ID: 40d20672-bb5e-4c0e-9585-c8fccfcf95f1]]>
            </message>
            <full-stacktrace>
              <![CDATA[org.openqa.selenium.TimeoutException: Timed out after 15 seconds waiting for presence of any elements located by By.xpath: .//*[@id='statusMessage']/div
Build info: version: '2.48.2', revision: '41bccdd', time: '2015-10-09 19:55:52'
System info: host: 'NYC-EXPRESS-PC', ip: '192.168.2.25', os.name: 'Windows 7', os.arch: 'x86', os.version: '6.1', java.version: '1.8.0_45'
Driver info: org.openqa.selenium.firefox.FirefoxDriver
Capabilities [{applicationCacheEnabled=true, rotatable=false, handlesAlerts=true, databaseEnabled=true, version=43.0.4, platform=WINDOWS, nativeEvents=false, acceptSslCerts=true, webStorageEnabled=true, locationContextEnabled=true, browserName=firefox, takesScreenshot=true, javascriptEnabled=true, cssSelectorsEnabled=true}]
Session ID: 40d20672-bb5e-4c0e-9585-c8fccfcf95f1
	at org.openqa.selenium.support.ui.WebDriverWait.timeoutException(WebDriverWait.java:80)
	at org.openqa.selenium.support.ui.FluentWait.until(FluentWait.java:261)
	at com.spafinder.utilities.WebDriverAPI.findElementByXpath(WebDriverAPI.java:538)
	at com.spafinder.testcases.CreateAccount.createaccount(CreateAccount.java:40)
	at sun.reflect.NativeMethodAccessorImpl.invoke0(Native Method)
	at sun.reflect.NativeMethodAccessorImpl.invoke(NativeMethodAccessorImpl.java:62)
	at sun.reflect.DelegatingMethodAccessorImpl.invoke(DelegatingMethodAccessorImpl.java:43)
	at java.lang.reflect.Method.invoke(Method.java:497)
	at org.testng.internal.MethodInvocationHelper.invokeMethod(MethodInvocationHelper.java:84)
	at org.testng.internal.Invoker.invokeMethod(Invoker.java:714)
	at org.testng.internal.Invoker.invokeTestMethod(Invoker.java:901)
	at org.testng.internal.Invoker.invokeTestMethods(Invoker.java:1231)
	at org.testng.internal.TestMethodWorker.invokeTestMethods(TestMethodWorker.java:127)
	at org.testng.internal.TestMethodWorker.run(TestMethodWorker.java:111)
	at org.testng.TestRunner.privateRun(TestRunner.java:767)
	at org.testng.TestRunner.run(TestRunner.java:617)
	at org.testng.SuiteRunner.runTest(SuiteRunner.java:334)
	at org.testng.SuiteRunner.runSequentially(SuiteRunner.java:329)
	at org.testng.SuiteRunner.privateRun(SuiteRunner.java:291)
	at org.testng.SuiteRunner.run(SuiteRunner.java:240)
	at org.testng.SuiteRunnerWorker.runSuite(SuiteRunnerWorker.java:52)
	at org.testng.SuiteRunnerWorker.run(SuiteRunnerWorker.java:86)
	at org.testng.TestNG.runSuitesSequentially(TestNG.java:1224)
	at org.testng.TestNG.runSuitesLocally(TestNG.java:1149)
	at org.testng.TestNG.run(TestNG.java:1057)
	at org.testng.TestNG.privateMain(TestNG.java:1364)
	at org.testng.TestNG.main(TestNG.java:1333)
]]>
            </full-stacktrace>
          </exception> <!-- org.openqa.selenium.TimeoutException -->
          <reporter-output>
          </reporter-output>
        </test-method> <!-- createaccount -->
        <test-method status="PASS" signature="browserClose(java.lang.reflect.Method)[pri:0, instance:com.spafinder.testcases.CreateAccount@101b7af]" name="browserClose" is-config="true" duration-ms="2028" started-at="2016-01-13T21:15:00Z" finished-at="2016-01-13T21:15:02Z">
          <params>
            <param index="0">
              <value>
                <![CDATA[public void com.spafinder.testcases.CreateAccount.createaccount() throws java.lang.Exception]]>
              </value>
            </param>
          </params>
          <reporter-output>
          </reporter-output>
        </test-method> <!-- browserClose -->
      </class> <!-- com.spafinder.testcases.CreateAccount -->
    </test> <!-- Test - Create New Account -->
    <test name="Test - Find and Book on Spafinder" duration-ms="25652" started-at="2016-01-14T02:15:02Z" finished-at="2016-01-14T02:15:28Z">
      <class name="com.spafinder.testcases.FindAndBook_HomePage">
        <test-method status="PASS" signature="browserOpen(java.lang.reflect.Method)[pri:0, instance:com.spafinder.testcases.FindAndBook_HomePage@132ec19]" name="browserOpen" is-config="true" duration-ms="16539" started-at="2016-01-13T21:15:02Z" finished-at="2016-01-13T21:15:19Z">
          <params>
            <param index="0">
              <value>
                <![CDATA[public void com.spafinder.testcases.FindAndBook_HomePage.findAndBookOnSF() throws java.lang.Exception]]>
              </value>
            </param>
          </params>
          <reporter-output>
          </reporter-output>
        </test-method> <!-- browserOpen -->
        <test-method status="PASS" signature="findAndBookOnSF()[pri:0, instance:com.spafinder.testcases.FindAndBook_HomePage@132ec19]" name="findAndBookOnSF" duration-ms="7088" started-at="2016-01-13T21:15:19Z" finished-at="2016-01-13T21:15:26Z">
          <reporter-output>
          </reporter-output>
        </test-method> <!-- findAndBookOnSF -->
        <test-method status="PASS" signature="browserClose(java.lang.reflect.Method)[pri:0, instance:com.spafinder.testcases.FindAndBook_HomePage@132ec19]" name="browserClose" is-config="true" duration-ms="2025" started-at="2016-01-13T21:15:26Z" finished-at="2016-01-13T21:15:28Z">
          <params>
            <param index="0">
              <value>
                <![CDATA[public void com.spafinder.testcases.FindAndBook_HomePage.findAndBookOnSF() throws java.lang.Exception]]>
              </value>
            </param>
          </params>
          <reporter-output>
          </reporter-output>
        </test-method> <!-- browserClose -->
      </class> <!-- com.spafinder.testcases.FindAndBook_HomePage -->
    </test> <!-- Test - Find and Book on Spafinder -->
    <test name="Test - Selected Country - UK" duration-ms="32226" started-at="2016-01-14T02:15:28Z" finished-at="2016-01-14T02:16:00Z">
      <class name="com.spafinder.testcases.SelectCountry">
        <test-method status="PASS" signature="browserOpen(java.lang.reflect.Method)[pri:0, instance:com.spafinder.testcases.SelectCountry@a3ffec]" name="browserOpen" is-config="true" duration-ms="17558" started-at="2016-01-13T21:15:28Z" finished-at="2016-01-13T21:15:46Z">
          <params>
            <param index="0">
              <value>
                <![CDATA[public void com.spafinder.testcases.SelectCountry.selectCountry() throws java.lang.Exception]]>
              </value>
            </param>
          </params>
          <reporter-output>
          </reporter-output>
        </test-method> <!-- browserOpen -->
        <test-method status="PASS" signature="selectCountry()[pri:0, instance:com.spafinder.testcases.SelectCountry@a3ffec]" name="selectCountry" duration-ms="12641" started-at="2016-01-13T21:15:46Z" finished-at="2016-01-13T21:15:58Z">
          <reporter-output>
          </reporter-output>
        </test-method> <!-- selectCountry -->
        <test-method status="PASS" signature="browserClose(java.lang.reflect.Method)[pri:0, instance:com.spafinder.testcases.SelectCountry@a3ffec]" name="browserClose" is-config="true" duration-ms="2026" started-at="2016-01-13T21:15:58Z" finished-at="2016-01-13T21:16:00Z">
          <params>
            <param index="0">
              <value>
                <![CDATA[public void com.spafinder.testcases.SelectCountry.selectCountry() throws java.lang.Exception]]>
              </value>
            </param>
          </params>
          <reporter-output>
          </reporter-output>
        </test-method> <!-- browserClose -->
      </class> <!-- com.spafinder.testcases.SelectCountry -->
    </test> <!-- Test - Selected Country - UK -->
    <test name="Test - Signup for News Letter" duration-ms="108147" started-at="2016-01-14T02:16:00Z" finished-at="2016-01-14T02:17:48Z">
      <class name="com.spafinder.testcases.SignUpForNewsletter">
        <test-method status="PASS" signature="browserOpen(java.lang.reflect.Method)[pri:0, instance:com.spafinder.testcases.SignUpForNewsletter@11161c7]" name="browserOpen" is-config="true" duration-ms="79319" started-at="2016-01-13T21:16:00Z" finished-at="2016-01-13T21:17:20Z">
          <params>
            <param index="0">
              <value>
                <![CDATA[public void com.spafinder.testcases.SignUpForNewsletter.newsLetterSignup() throws java.lang.Exception]]>
              </value>
            </param>
          </params>
          <reporter-output>
          </reporter-output>
        </test-method> <!-- browserOpen -->
        <test-method status="PASS" signature="newsLetterSignup()[pri:0, instance:com.spafinder.testcases.SignUpForNewsletter@11161c7]" name="newsLetterSignup" duration-ms="26801" started-at="2016-01-13T21:17:20Z" finished-at="2016-01-13T21:17:46Z">
          <reporter-output>
          </reporter-output>
        </test-method> <!-- newsLetterSignup -->
        <test-method status="PASS" signature="browserClose(java.lang.reflect.Method)[pri:0, instance:com.spafinder.testcases.SignUpForNewsletter@11161c7]" name="browserClose" is-config="true" duration-ms="2027" started-at="2016-01-13T21:17:46Z" finished-at="2016-01-13T21:17:48Z">
          <params>
            <param index="0">
              <value>
                <![CDATA[public void com.spafinder.testcases.SignUpForNewsletter.newsLetterSignup() throws java.lang.Exception]]>
              </value>
            </param>
          </params>
          <reporter-output>
          </reporter-output>
        </test-method> <!-- browserClose -->
      </class> <!-- com.spafinder.testcases.SignUpForNewsletter -->
    </test> <!-- Test - Signup for News Letter -->
  </suite> <!-- Spafinder Final Test -->
</testng-results>
